This is XeTeX, Version 3.141592653-2.6-0.999993 (TeX Live 2021 Gentoo Linux) (preloaded format=xelatex 2022.10.3)  11 OCT 2022 22:53
entering extended mode
 restricted \write18 enabled.
 %&-line parsing enabled.
**funny.tex
(./funny.tex
LaTeX2e <2020-10-01> patch level 4
L3 programming layer <2021-02-18>
! Undefined control sequence.
l.3 \section
            {Background}
? 
! Emergency stop.
l.3 \section
            {Background}
End of file on the terminal!

 
Here is how much of TeX's memory you used:
 15 strings out of 478918
 289 string characters out of 5867538
 284552 words of memory out of 5000000
 19986 multiletter control sequences out of 15000+600000
 403430 words of font info for 27 fonts, out of 8000000 for 9000
 14 hyphenation exceptions out of 8191
 12i,0n,15p,62b,10s stack positions out of 5000i,500n,10000p,200000b,80000s
No pages of output.
